{"/Users/tomyo/git/text-bot-openwhisk/actions/getGeoLoc.js":{"path":"/Users/tomyo/git/text-bot-openwhisk/actions/getGeoLoc.js","s":{"1":1,"2":1,"3":2,"4":2,"5":2,"6":1,"7":1,"8":1,"9":1,"10":1,"11":1,"12":0,"13":0,"14":0,"15":0,"16":0,"17":0,"18":0,"19":0,"20":0,"21":0,"22":0,"23":0,"24":0,"25":0,"26":0,"27":0,"28":0,"29":0,"30":0,"31":0,"32":0,"33":0,"34":0,"35":0,"36":0,"37":0,"38":1},"b":{"1":[1,0],"2":[1,1,0],"3":[0,1],"4":[0,0],"5":[0,0],"6":[0,0],"7":[0,0],"8":[0,0],"9":[0,0]},"f":{"1":2,"2":2,"3":0,"4":0,"5":0},"fnMap":{"1":{"name":"main","line":9,"loc":{"start":{"line":9,"column":0},"end":{"line":9,"column":22}}},"2":{"name":"(anonymous_2)","line":10,"loc":{"start":{"line":10,"column":21},"end":{"line":10,"column":47}}},"3":{"name":"(anonymous_3)","line":47,"loc":{"start":{"line":47,"column":9},"end":{"line":47,"column":41}}},"4":{"name":"(anonymous_4)","line":60,"loc":{"start":{"line":60,"column":27},"end":{"line":60,"column":46}}},"5":{"name":"(anonymous_5)","line":67,"loc":{"start":{"line":67,"column":25},"end":{"line":67,"column":43}}}},"statementMap":{"1":{"start":{"line":7,"column":0},"end":{"line":7,"column":33}},"2":{"start":{"line":9,"column":0},"end":{"line":99,"column":1}},"3":{"start":{"line":10,"column":2},"end":{"line":98,"column":5}},"4":{"start":{"line":11,"column":4},"end":{"line":11,"column":45}},"5":{"start":{"line":12,"column":4},"end":{"line":12,"column":79}},"6":{"start":{"line":13,"column":4},"end":{"line":13,"column":79}},"7":{"start":{"line":14,"column":4},"end":{"line":14,"column":87}},"8":{"start":{"line":15,"column":4},"end":{"line":15,"column":97}},"9":{"start":{"line":17,"column":4},"end":{"line":97,"column":5}},"10":{"start":{"line":18,"column":6},"end":{"line":24,"column":65}},"11":{"start":{"line":25,"column":6},"end":{"line":25,"column":22}},"12":{"start":{"line":27,"column":6},"end":{"line":27,"column":41}},"13":{"start":{"line":28,"column":6},"end":{"line":28,"column":43}},"14":{"start":{"line":29,"column":6},"end":{"line":29,"column":87}},"15":{"start":{"line":31,"column":6},"end":{"line":96,"column":9}},"16":{"start":{"line":48,"column":8},"end":{"line":48,"column":47}},"17":{"start":{"line":49,"column":8},"end":{"line":49,"column":49}},"18":{"start":{"line":50,"column":8},"end":{"line":50,"column":55}},"19":{"start":{"line":51,"column":8},"end":{"line":51,"column":53}},"20":{"start":{"line":53,"column":8},"end":{"line":55,"column":11}},"21":{"start":{"line":54,"column":10},"end":{"line":54,"column":61}},"22":{"start":{"line":57,"column":8},"end":{"line":57,"column":24}},"23":{"start":{"line":58,"column":8},"end":{"line":58,"column":31}},"24":{"start":{"line":60,"column":8},"end":{"line":65,"column":11}},"25":{"start":{"line":61,"column":10},"end":{"line":64,"column":12}},"26":{"start":{"line":67,"column":8},"end":{"line":71,"column":11}},"27":{"start":{"line":68,"column":10},"end":{"line":70,"column":12}},"28":{"start":{"line":73,"column":8},"end":{"line":79,"column":67}},"29":{"start":{"line":80,"column":8},"end":{"line":80,"column":57}},"30":{"start":{"line":81,"column":8},"end":{"line":81,"column":66}},"31":{"start":{"line":83,"column":8},"end":{"line":89,"column":9}},"32":{"start":{"line":84,"column":10},"end":{"line":84,"column":97}},"33":{"start":{"line":86,"column":10},"end":{"line":88,"column":11}},"34":{"start":{"line":87,"column":12},"end":{"line":87,"column":79}},"35":{"start":{"line":91,"column":8},"end":{"line":95,"column":9}},"36":{"start":{"line":92,"column":10},"end":{"line":92,"column":24}},"37":{"start":{"line":94,"column":10},"end":{"line":94,"column":26}},"38":{"start":{"line":100,"column":0},"end":{"line":100,"column":27}}},"branchMap":{"1":{"line":17,"type":"if","locations":[{"start":{"line":17,"column":4},"end":{"line":17,"column":4}},{"start":{"line":17,"column":4},"end":{"line":17,"column":4}}]},"2":{"line":17,"type":"binary-expr","locations":[{"start":{"line":17,"column":8},"end":{"line":17,"column":15}},{"start":{"line":17,"column":19},"end":{"line":17,"column":57}},{"start":{"line":17,"column":61},"end":{"line":17,"column":94}}]},"3":{"line":18,"type":"cond-expr","locations":[{"start":{"line":19,"column":10},"end":{"line":23,"column":31}},{"start":{"line":24,"column":10},"end":{"line":24,"column":64}}]},"4":{"line":29,"type":"binary-expr","locations":[{"start":{"line":29,"column":18},"end":{"line":29,"column":64}},{"start":{"line":29,"column":68},"end":{"line":29,"column":86}}]},"5":{"line":73,"type":"cond-expr","locations":[{"start":{"line":74,"column":12},"end":{"line":78,"column":33}},{"start":{"line":79,"column":12},"end":{"line":79,"column":66}}]},"6":{"line":83,"type":"if","locations":[{"start":{"line":83,"column":8},"end":{"line":83,"column":8}},{"start":{"line":83,"column":8},"end":{"line":83,"column":8}}]},"7":{"line":86,"type":"if","locations":[{"start":{"line":86,"column":10},"end":{"line":86,"column":10}},{"start":{"line":86,"column":10},"end":{"line":86,"column":10}}]},"8":{"line":91,"type":"if","locations":[{"start":{"line":91,"column":8},"end":{"line":91,"column":8}},{"start":{"line":91,"column":8},"end":{"line":91,"column":8}}]},"9":{"line":91,"type":"binary-expr","locations":[{"start":{"line":91,"column":12},"end":{"line":91,"column":17}},{"start":{"line":91,"column":21},"end":{"line":91,"column":47}}]}}},"/Users/tomyo/git/text-bot-openwhisk/actions/getWeather.js":{"path":"/Users/tomyo/git/text-bot-openwhisk/actions/getWeather.js","s":{"1":1,"2":1,"3":2,"4":2,"5":2,"6":1,"7":1,"8":1,"9":1,"10":1,"11":1,"12":0,"13":0,"14":0,"15":0,"16":0,"17":0,"18":0,"19":0,"20":0,"21":0,"22":0,"23":0,"24":0,"25":0,"26":0,"27":0,"28":0,"29":0,"30":0,"31":0,"32":0,"33":0,"34":0,"35":0,"36":1},"b":{"1":[1,0],"2":[1,1,0],"3":[0,1],"4":[0,0],"5":[0,0],"6":[0,0],"7":[0,0],"8":[0,0],"9":[0,0],"10":[0,0]},"f":{"1":2,"2":2,"3":0},"fnMap":{"1":{"name":"main","line":10,"loc":{"start":{"line":10,"column":0},"end":{"line":10,"column":22}}},"2":{"name":"(anonymous_2)","line":11,"loc":{"start":{"line":11,"column":21},"end":{"line":11,"column":47}}},"3":{"name":"(anonymous_3)","line":56,"loc":{"start":{"line":56,"column":9},"end":{"line":56,"column":41}}}},"statementMap":{"1":{"start":{"line":8,"column":0},"end":{"line":8,"column":33}},"2":{"start":{"line":10,"column":0},"end":{"line":116,"column":1}},"3":{"start":{"line":11,"column":2},"end":{"line":115,"column":5}},"4":{"start":{"line":12,"column":4},"end":{"line":12,"column":45}},"5":{"start":{"line":13,"column":4},"end":{"line":13,"column":79}},"6":{"start":{"line":14,"column":4},"end":{"line":14,"column":79}},"7":{"start":{"line":15,"column":4},"end":{"line":15,"column":87}},"8":{"start":{"line":16,"column":4},"end":{"line":16,"column":97}},"9":{"start":{"line":18,"column":4},"end":{"line":114,"column":5}},"10":{"start":{"line":19,"column":6},"end":{"line":25,"column":65}},"11":{"start":{"line":26,"column":6},"end":{"line":26,"column":22}},"12":{"start":{"line":28,"column":6},"end":{"line":28,"column":41}},"13":{"start":{"line":30,"column":6},"end":{"line":30,"column":47}},"14":{"start":{"line":31,"column":6},"end":{"line":31,"column":47}},"15":{"start":{"line":32,"column":6},"end":{"line":32,"column":87}},"16":{"start":{"line":34,"column":6},"end":{"line":34,"column":50}},"17":{"start":{"line":35,"column":6},"end":{"line":35,"column":52}},"18":{"start":{"line":37,"column":6},"end":{"line":37,"column":49}},"19":{"start":{"line":38,"column":6},"end":{"line":38,"column":51}},"20":{"start":{"line":39,"column":6},"end":{"line":39,"column":27}},"21":{"start":{"line":40,"column":6},"end":{"line":40,"column":34}},"22":{"start":{"line":41,"column":6},"end":{"line":41,"column":182}},"23":{"start":{"line":42,"column":6},"end":{"line":113,"column":9}},"24":{"start":{"line":57,"column":8},"end":{"line":57,"column":36}},"25":{"start":{"line":59,"column":8},"end":{"line":96,"column":9}},"26":{"start":{"line":60,"column":10},"end":{"line":60,"column":49}},"27":{"start":{"line":62,"column":10},"end":{"line":95,"column":11}},"28":{"start":{"line":63,"column":12},"end":{"line":82,"column":14}},"29":{"start":{"line":84,"column":12},"end":{"line":94,"column":14}},"30":{"start":{"line":98,"column":8},"end":{"line":112,"column":9}},"31":{"start":{"line":99,"column":10},"end":{"line":99,"column":24}},"32":{"start":{"line":101,"column":10},"end":{"line":107,"column":69}},"33":{"start":{"line":108,"column":10},"end":{"line":110,"column":11}},"34":{"start":{"line":109,"column":12},"end":{"line":109,"column":80}},"35":{"start":{"line":111,"column":10},"end":{"line":111,"column":26}},"36":{"start":{"line":118,"column":0},"end":{"line":118,"column":27}}},"branchMap":{"1":{"line":18,"type":"if","locations":[{"start":{"line":18,"column":4},"end":{"line":18,"column":4}},{"start":{"line":18,"column":4},"end":{"line":18,"column":4}}]},"2":{"line":18,"type":"binary-expr","locations":[{"start":{"line":18,"column":8},"end":{"line":18,"column":15}},{"start":{"line":18,"column":19},"end":{"line":18,"column":74}},{"start":{"line":18,"column":78},"end":{"line":18,"column":124}}]},"3":{"line":19,"type":"cond-expr","locations":[{"start":{"line":20,"column":10},"end":{"line":24,"column":31}},{"start":{"line":25,"column":10},"end":{"line":25,"column":64}}]},"4":{"line":32,"type":"binary-expr","locations":[{"start":{"line":32,"column":18},"end":{"line":32,"column":64}},{"start":{"line":32,"column":68},"end":{"line":32,"column":86}}]},"5":{"line":41,"type":"binary-expr","locations":[{"start":{"line":41,"column":18},"end":{"line":41,"column":90}},{"start":{"line":41,"column":94},"end":{"line":41,"column":181}}]},"6":{"line":62,"type":"if","locations":[{"start":{"line":62,"column":10},"end":{"line":62,"column":10}},{"start":{"line":62,"column":10},"end":{"line":62,"column":10}}]},"7":{"line":98,"type":"if","locations":[{"start":{"line":98,"column":8},"end":{"line":98,"column":8}},{"start":{"line":98,"column":8},"end":{"line":98,"column":8}}]},"8":{"line":98,"type":"binary-expr","locations":[{"start":{"line":98,"column":12},"end":{"line":98,"column":17}},{"start":{"line":98,"column":21},"end":{"line":98,"column":47}}]},"9":{"line":101,"type":"cond-expr","locations":[{"start":{"line":102,"column":14},"end":{"line":106,"column":35}},{"start":{"line":107,"column":14},"end":{"line":107,"column":68}}]},"10":{"line":108,"type":"if","locations":[{"start":{"line":108,"column":10},"end":{"line":108,"column":10}},{"start":{"line":108,"column":10},"end":{"line":108,"column":10}}]}}},"/Users/tomyo/git/text-bot-openwhisk/actions/nlu.js":{"path":"/Users/tomyo/git/text-bot-openwhisk/actions/nlu.js","s":{"1":1,"2":1,"3":1,"4":1,"5":2,"6":2,"7":2,"8":1,"9":1,"10":1,"11":1,"12":1,"13":1,"14":0,"15":0,"16":0,"17":0,"18":0,"19":1,"20":1,"21":1,"22":1,"23":0,"24":1,"25":0,"26":0,"27":0,"28":0,"29":1,"30":0,"31":0,"32":0,"33":0,"34":0,"35":1,"36":0,"37":0,"38":0,"39":0,"40":0,"41":0,"42":0,"43":0,"44":0,"45":0,"46":0,"47":1,"48":1,"49":1,"50":1},"b":{"1":[1,1],"2":[0,1],"3":[1,0],"4":[0,0],"5":[0,1],"6":[0,1],"7":[1,0],"8":[0,1],"9":[0,0],"10":[0,1],"11":[1,0,1,0,1,0],"12":[0,0],"13":[0,1],"14":[1,0,0],"15":[0,0],"16":[0,0]},"f":{"1":2,"2":2,"3":1},"fnMap":{"1":{"name":"main","line":12,"loc":{"start":{"line":12,"column":0},"end":{"line":12,"column":22}}},"2":{"name":"(anonymous_2)","line":13,"loc":{"start":{"line":13,"column":21},"end":{"line":13,"column":47}}},"3":{"name":"(anonymous_3)","line":43,"loc":{"start":{"line":43,"column":55},"end":{"line":43,"column":79}}}},"statementMap":{"1":{"start":{"line":8,"column":0},"end":{"line":8,"column":33}},"2":{"start":{"line":9,"column":0},"end":{"line":9,"column":110}},"3":{"start":{"line":10,"column":0},"end":{"line":10,"column":100}},"4":{"start":{"line":12,"column":0},"end":{"line":104,"column":1}},"5":{"start":{"line":13,"column":2},"end":{"line":103,"column":5}},"6":{"start":{"line":14,"column":4},"end":{"line":14,"column":45}},"7":{"start":{"line":15,"column":4},"end":{"line":15,"column":71}},"8":{"start":{"line":16,"column":4},"end":{"line":16,"column":71}},"9":{"start":{"line":17,"column":4},"end":{"line":17,"column":106}},"10":{"start":{"line":19,"column":4},"end":{"line":19,"column":170}},"11":{"start":{"line":21,"column":4},"end":{"line":30,"column":6}},"12":{"start":{"line":32,"column":4},"end":{"line":32,"column":33}},"13":{"start":{"line":33,"column":4},"end":{"line":41,"column":5}},"14":{"start":{"line":34,"column":6},"end":{"line":40,"column":7}},"15":{"start":{"line":35,"column":8},"end":{"line":35,"column":42}},"16":{"start":{"line":36,"column":8},"end":{"line":39,"column":9}},"17":{"start":{"line":37,"column":10},"end":{"line":37,"column":34}},"18":{"start":{"line":38,"column":10},"end":{"line":38,"column":47}},"19":{"start":{"line":43,"column":4},"end":{"line":102,"column":7}},"20":{"start":{"line":44,"column":6},"end":{"line":50,"column":65}},"21":{"start":{"line":51,"column":6},"end":{"line":51,"column":48}},"22":{"start":{"line":53,"column":6},"end":{"line":100,"column":7}},"23":{"start":{"line":54,"column":8},"end":{"line":54,"column":27}},"24":{"start":{"line":55,"column":13},"end":{"line":100,"column":7}},"25":{"start":{"line":56,"column":8},"end":{"line":56,"column":59}},"26":{"start":{"line":57,"column":8},"end":{"line":57,"column":60}},"27":{"start":{"line":59,"column":8},"end":{"line":61,"column":15}},"28":{"start":{"line":62,"column":8},"end":{"line":62,"column":70}},"29":{"start":{"line":63,"column":13},"end":{"line":100,"column":7}},"30":{"start":{"line":64,"column":8},"end":{"line":66,"column":43}},"31":{"start":{"line":67,"column":8},"end":{"line":67,"column":50}},"32":{"start":{"line":69,"column":8},"end":{"line":74,"column":10}},"33":{"start":{"line":75,"column":8},"end":{"line":75,"column":62}},"34":{"start":{"line":76,"column":8},"end":{"line":76,"column":55}},"35":{"start":{"line":77,"column":13},"end":{"line":100,"column":7}},"36":{"start":{"line":78,"column":8},"end":{"line":78,"column":76}},"37":{"start":{"line":78,"column":53},"end":{"line":78,"column":74}},"38":{"start":{"line":80,"column":8},"end":{"line":80,"column":41}},"39":{"start":{"line":82,"column":8},"end":{"line":87,"column":9}},"40":{"start":{"line":83,"column":10},"end":{"line":83,"column":64}},"41":{"start":{"line":84,"column":10},"end":{"line":84,"column":50}},"42":{"start":{"line":85,"column":10},"end":{"line":85,"column":55}},"43":{"start":{"line":86,"column":10},"end":{"line":86,"column":67}},"44":{"start":{"line":89,"column":8},"end":{"line":89,"column":58}},"45":{"start":{"line":90,"column":8},"end":{"line":90,"column":68}},"46":{"start":{"line":91,"column":8},"end":{"line":91,"column":47}},"47":{"start":{"line":93,"column":8},"end":{"line":98,"column":10}},"48":{"start":{"line":99,"column":8},"end":{"line":99,"column":47}},"49":{"start":{"line":101,"column":6},"end":{"line":101,"column":29}},"50":{"start":{"line":106,"column":0},"end":{"line":106,"column":27}}},"branchMap":{"1":{"line":17,"type":"binary-expr","locations":[{"start":{"line":17,"column":11},"end":{"line":17,"column":30}},{"start":{"line":17,"column":34},"end":{"line":17,"column":59}}]},"2":{"line":33,"type":"if","locations":[{"start":{"line":33,"column":4},"end":{"line":33,"column":4}},{"start":{"line":33,"column":4},"end":{"line":33,"column":4}}]},"3":{"line":33,"type":"binary-expr","locations":[{"start":{"line":33,"column":8},"end":{"line":33,"column":40}},{"start":{"line":33,"column":44},"end":{"line":33,"column":83}}]},"4":{"line":36,"type":"if","locations":[{"start":{"line":36,"column":8},"end":{"line":36,"column":8}},{"start":{"line":36,"column":8},"end":{"line":36,"column":8}}]},"5":{"line":44,"type":"cond-expr","locations":[{"start":{"line":45,"column":10},"end":{"line":49,"column":31}},{"start":{"line":50,"column":10},"end":{"line":50,"column":64}}]},"6":{"line":53,"type":"if","locations":[{"start":{"line":53,"column":6},"end":{"line":53,"column":6}},{"start":{"line":53,"column":6},"end":{"line":53,"column":6}}]},"7":{"line":53,"type":"binary-expr","locations":[{"start":{"line":53,"column":10},"end":{"line":53,"column":13}},{"start":{"line":53,"column":17},"end":{"line":53,"column":39}}]},"8":{"line":55,"type":"if","locations":[{"start":{"line":55,"column":13},"end":{"line":55,"column":13}},{"start":{"line":55,"column":13},"end":{"line":55,"column":13}}]},"9":{"line":59,"type":"cond-expr","locations":[{"start":{"line":60,"column":12},"end":{"line":60,"column":53}},{"start":{"line":61,"column":12},"end":{"line":61,"column":13}}]},"10":{"line":63,"type":"if","locations":[{"start":{"line":63,"column":13},"end":{"line":63,"column":13}},{"start":{"line":63,"column":13},"end":{"line":63,"column":13}}]},"11":{"line":63,"type":"binary-expr","locations":[{"start":{"line":63,"column":19},"end":{"line":63,"column":40}},{"start":{"line":63,"column":44},"end":{"line":63,"column":82}},{"start":{"line":63,"column":88},"end":{"line":63,"column":100}},{"start":{"line":63,"column":104},"end":{"line":63,"column":140}},{"start":{"line":63,"column":145},"end":{"line":63,"column":161}},{"start":{"line":63,"column":166},"end":{"line":63,"column":183}}]},"12":{"line":64,"type":"cond-expr","locations":[{"start":{"line":65,"column":12},"end":{"line":65,"column":55}},{"start":{"line":66,"column":12},"end":{"line":66,"column":42}}]},"13":{"line":77,"type":"if","locations":[{"start":{"line":77,"column":13},"end":{"line":77,"column":13}},{"start":{"line":77,"column":13},"end":{"line":77,"column":13}}]},"14":{"line":77,"type":"binary-expr","locations":[{"start":{"line":77,"column":17},"end":{"line":77,"column":45}},{"start":{"line":77,"column":49},"end":{"line":77,"column":84}},{"start":{"line":77,"column":88},"end":{"line":77,"column":145}}]},"15":{"line":82,"type":"if","locations":[{"start":{"line":82,"column":8},"end":{"line":82,"column":8}},{"start":{"line":82,"column":8},"end":{"line":82,"column":8}}]},"16":{"line":82,"type":"binary-expr","locations":[{"start":{"line":82,"column":12},"end":{"line":82,"column":49}},{"start":{"line":82,"column":53},"end":{"line":82,"column":79}}]}}},"/Users/tomyo/git/text-bot-openwhisk/actions/watson-assistant.js":{"path":"/Users/tomyo/git/text-bot-openwhisk/actions/watson-assistant.js","s":{"1":1,"2":1,"3":1,"4":1,"5":2,"6":2,"7":2,"8":1,"9":1,"10":1,"11":1,"12":1,"13":1,"14":1,"15":1,"16":1,"17":1,"18":1,"19":1,"20":1,"21":0,"22":1,"23":1,"24":0,"25":0,"26":1,"27":1},"b":{"1":[1,1],"2":[0,1],"3":[1,1],"4":[1,0],"5":[0,1],"6":[0,1]},"f":{"1":2,"2":2,"3":1},"fnMap":{"1":{"name":"main","line":13,"loc":{"start":{"line":13,"column":0},"end":{"line":13,"column":22}}},"2":{"name":"(anonymous_2)","line":14,"loc":{"start":{"line":14,"column":21},"end":{"line":14,"column":48}}},"3":{"name":"(anonymous_3)","line":42,"loc":{"start":{"line":42,"column":7},"end":{"line":42,"column":32}}}},"statementMap":{"1":{"start":{"line":9,"column":0},"end":{"line":9,"column":33}},"2":{"start":{"line":10,"column":0},"end":{"line":10,"column":49}},"3":{"start":{"line":11,"column":0},"end":{"line":11,"column":101}},"4":{"start":{"line":13,"column":0},"end":{"line":58,"column":1}},"5":{"start":{"line":14,"column":2},"end":{"line":57,"column":5}},"6":{"start":{"line":15,"column":4},"end":{"line":15,"column":45}},"7":{"start":{"line":16,"column":4},"end":{"line":16,"column":97}},"8":{"start":{"line":17,"column":4},"end":{"line":17,"column":97}},"9":{"start":{"line":18,"column":4},"end":{"line":18,"column":106}},"10":{"start":{"line":20,"column":4},"end":{"line":25,"column":7}},"11":{"start":{"line":27,"column":4},"end":{"line":27,"column":106}},"12":{"start":{"line":29,"column":4},"end":{"line":36,"column":5}},"13":{"start":{"line":30,"column":6},"end":{"line":30,"column":30}},"14":{"start":{"line":31,"column":6},"end":{"line":31,"column":48}},"15":{"start":{"line":32,"column":6},"end":{"line":32,"column":27}},"16":{"start":{"line":33,"column":6},"end":{"line":33,"column":28}},"17":{"start":{"line":34,"column":6},"end":{"line":34,"column":55}},"18":{"start":{"line":35,"column":6},"end":{"line":35,"column":34}},"19":{"start":{"line":38,"column":4},"end":{"line":56,"column":7}},"20":{"start":{"line":43,"column":6},"end":{"line":45,"column":7}},"21":{"start":{"line":44,"column":8},"end":{"line":44,"column":27}},"22":{"start":{"line":47,"column":6},"end":{"line":49,"column":9}},"23":{"start":{"line":51,"column":6},"end":{"line":54,"column":7}},"24":{"start":{"line":52,"column":8},"end":{"line":52,"column":32}},"25":{"start":{"line":53,"column":8},"end":{"line":53,"column":34}},"26":{"start":{"line":55,"column":6},"end":{"line":55,"column":29}},"27":{"start":{"line":60,"column":0},"end":{"line":60,"column":27}}},"branchMap":{"1":{"line":18,"type":"binary-expr","locations":[{"start":{"line":18,"column":11},"end":{"line":18,"column":30}},{"start":{"line":18,"column":34},"end":{"line":18,"column":59}}]},"2":{"line":27,"type":"cond-expr","locations":[{"start":{"line":27,"column":72},"end":{"line":27,"column":99}},{"start":{"line":27,"column":102},"end":{"line":27,"column":104}}]},"3":{"line":27,"type":"binary-expr","locations":[{"start":{"line":27,"column":19},"end":{"line":27,"column":38}},{"start":{"line":27,"column":42},"end":{"line":27,"column":69}}]},"4":{"line":29,"type":"if","locations":[{"start":{"line":29,"column":4},"end":{"line":29,"column":4}},{"start":{"line":29,"column":4},"end":{"line":29,"column":4}}]},"5":{"line":43,"type":"if","locations":[{"start":{"line":43,"column":6},"end":{"line":43,"column":6}},{"start":{"line":43,"column":6},"end":{"line":43,"column":6}}]},"6":{"line":51,"type":"if","locations":[{"start":{"line":51,"column":6},"end":{"line":51,"column":6}},{"start":{"line":51,"column":6},"end":{"line":51,"column":6}}]}}},"/Users/tomyo/git/text-bot-openwhisk/actions/watson-assistant-weather.js":{"path":"/Users/tomyo/git/text-bot-openwhisk/actions/watson-assistant-weather.js","s":{"1":1,"2":1,"3":1,"4":2,"5":2,"6":2,"7":1,"8":1,"9":1,"10":1,"11":0,"12":0,"13":1,"14":1,"15":1,"16":0,"17":1,"18":1,"19":1,"20":1},"b":{"1":[1,1],"2":[1,0],"3":[1,1],"4":[0,1],"5":[1,0],"6":[0,0],"7":[0,1],"8":[0,1]},"f":{"1":2,"2":2,"3":1},"fnMap":{"1":{"name":"main","line":10,"loc":{"start":{"line":10,"column":0},"end":{"line":10,"column":22}}},"2":{"name":"(anonymous_2)","line":11,"loc":{"start":{"line":11,"column":21},"end":{"line":11,"column":47}}},"3":{"name":"(anonymous_3)","line":34,"loc":{"start":{"line":34,"column":9},"end":{"line":34,"column":33}}}},"statementMap":{"1":{"start":{"line":7,"column":0},"end":{"line":7,"column":33}},"2":{"start":{"line":8,"column":0},"end":{"line":8,"column":49}},"3":{"start":{"line":10,"column":0},"end":{"line":44,"column":1}},"4":{"start":{"line":11,"column":2},"end":{"line":43,"column":5}},"5":{"start":{"line":12,"column":4},"end":{"line":12,"column":45}},"6":{"start":{"line":13,"column":4},"end":{"line":13,"column":97}},"7":{"start":{"line":14,"column":4},"end":{"line":14,"column":97}},"8":{"start":{"line":15,"column":4},"end":{"line":15,"column":110}},"9":{"start":{"line":17,"column":4},"end":{"line":17,"column":106}},"10":{"start":{"line":19,"column":4},"end":{"line":42,"column":5}},"11":{"start":{"line":20,"column":6},"end":{"line":20,"column":184}},"12":{"start":{"line":21,"column":6},"end":{"line":21,"column":22}},"13":{"start":{"line":23,"column":6},"end":{"line":28,"column":9}},"14":{"start":{"line":30,"column":6},"end":{"line":41,"column":9}},"15":{"start":{"line":35,"column":8},"end":{"line":37,"column":9}},"16":{"start":{"line":36,"column":10},"end":{"line":36,"column":29}},"17":{"start":{"line":38,"column":8},"end":{"line":38,"column":186}},"18":{"start":{"line":39,"column":8},"end":{"line":39,"column":39}},"19":{"start":{"line":40,"column":8},"end":{"line":40,"column":31}},"20":{"start":{"line":46,"column":0},"end":{"line":46,"column":27}}},"branchMap":{"1":{"line":15,"type":"binary-expr","locations":[{"start":{"line":15,"column":11},"end":{"line":15,"column":30}},{"start":{"line":15,"column":34},"end":{"line":15,"column":61}}]},"2":{"line":17,"type":"cond-expr","locations":[{"start":{"line":17,"column":73},"end":{"line":17,"column":100}},{"start":{"line":17,"column":103},"end":{"line":17,"column":105}}]},"3":{"line":17,"type":"binary-expr","locations":[{"start":{"line":17,"column":19},"end":{"line":17,"column":38}},{"start":{"line":17,"column":42},"end":{"line":17,"column":69}}]},"4":{"line":19,"type":"if","locations":[{"start":{"line":19,"column":4},"end":{"line":19,"column":4}},{"start":{"line":19,"column":4},"end":{"line":19,"column":4}}]},"5":{"line":19,"type":"binary-expr","locations":[{"start":{"line":19,"column":8},"end":{"line":19,"column":35}},{"start":{"line":19,"column":39},"end":{"line":19,"column":68}}]},"6":{"line":20,"type":"cond-expr","locations":[{"start":{"line":20,"column":32},"end":{"line":20,"column":126}},{"start":{"line":20,"column":129},"end":{"line":20,"column":183}}]},"7":{"line":35,"type":"if","locations":[{"start":{"line":35,"column":8},"end":{"line":35,"column":8}},{"start":{"line":35,"column":8},"end":{"line":35,"column":8}}]},"8":{"line":38,"type":"cond-expr","locations":[{"start":{"line":38,"column":34},"end":{"line":38,"column":128}},{"start":{"line":38,"column":131},"end":{"line":38,"column":185}}]}}}}